<?xml version="1.0" encoding="UTF-8"?>
<!-- Generated by org.testng.reporters.JUnitReportReporter -->
<testsuite skipped="0" hostname="LAPTOP-DOAEP2LO" name="TestCases.justDialTestCases" tests="3" failures="0" timestamp="2020-06-21T00:50:33 IST" time="115.213" errors="0">
  <testcase name="carWashTestCase" time="60.383" classname="TestCases.justDialTestCases"/>
  <system-out/>
  <testcase name="freelistTestCase" time="27.963" classname="TestCases.justDialTestCases"/>
  <system-out/>
  <testcase name="gymTestCase" time="26.867" classname="TestCases.justDialTestCases"/>
  <system-out/>
</testsuite> <!-- TestCases.justDialTestCases -->
